# JRE version: OpenJDK Runtime Environment Microsoft-8035246 (17.0.8+7) (build 17.0.8+7-LTS)
# Java VM: OpenJDK 64-Bit Server VM Microsoft-8035246 (17.0.8+7-LTS, mixed mode, sharing, tiered, compressed oops, compressed class ptrs, g1 gc, windows-amd64)
GC Precious Log:
 CPUs: 16 total, 16 available
 Memory: 23967M
 Large Page Support: Disabled
 NUMA Support: Disabled
 Compressed Oops: Enabled (32-bit)
 Heap Region Size: 1M
 Heap Min Capacity: 8M
 Heap Initial Capacity: 376M
 Heap Max Capacity: 2G
 Pre-touch: Disabled
 Parallel Workers: 13
 Concurrent Workers: 3
 Concurrent Refinement Workers: 13
 Periodic GC: Disabled
Heap:
 garbage-first heap   total 271360K, used 223032K [0x0000000080000000, 0x0000000100000000)
  region size 1024K, 10 young (10240K), 3 survivors (3072K)
 Metaspace       used 104283K, committed 105472K, reserved 557056K
  class space    used 14345K, committed 14912K, reserved 425984K
GC Heap History (20 events):
Event: 21.693 GC heap before
{Heap before GC invocations=36 (full 0):
 garbage-first heap   total 271360K, used 218064K [0x0000000080000000, 0x0000000100000000)
  region size 1024K, 53 young (54272K), 8 survivors (8192K)
 Metaspace       used 100231K, committed 101376K, reserved 557056K
  class space    used 13788K, committed 14336K, reserved 425984K
}
Event: 21.700 GC heap after
{Heap after GC invocations=37 (full 0):
 garbage-first heap   total 271360K, used 179186K [0x0000000080000000, 0x0000000100000000)
  region size 1024K, 7 young (7168K), 7 survivors (7168K)
 Metaspace       used 100231K, committed 101376K, reserved 557056K
  class space    used 13788K, committed 14336K, reserved 425984K
}
Event: 21.994 GC heap before
{Heap before GC invocations=37 (full 0):
 garbage-first heap   total 271360K, used 222194K [0x0000000080000000, 0x0000000100000000)
  region size 1024K, 49 young (50176K), 7 survivors (7168K)
 Metaspace       used 100852K, committed 102016K, reserved 557056K
  class space    used 13837K, committed 14400K, reserved 425984K
}
Event: 21.998 GC heap after
{Heap after GC invocations=38 (full 0):
 garbage-first heap   total 271360K, used 185010K [0x0000000080000000, 0x0000000100000000)
  region size 1024K, 6 young (6144K), 6 survivors (6144K)
 Metaspace       used 100852K, committed 102016K, reserved 557056K
  class space    used 13837K, committed 14400K, reserved 425984K
}
Event: 22.265 GC heap before
{Heap before GC invocations=38 (full 0):
 garbage-first heap   total 271360K, used 224946K [0x0000000080000000, 0x0000000100000000)
  region size 1024K, 45 young (46080K), 6 survivors (6144K)
 Metaspace       used 102225K, committed 103360K, reserved 557056K
  class space    used 14011K, committed 14592K, reserved 425984K
}
Event: 22.270 GC heap after
{Heap after GC invocations=39 (full 0):
 garbage-first heap   total 271360K, used 189661K [0x0000000080000000, 0x0000000100000000)
  region size 1024K, 5 young (5120K), 5 survivors (5120K)
 Metaspace       used 102225K, committed 103360K, reserved 557056K
  class space    used 14011K, committed 14592K, reserved 425984K
}
Event: 22.455 GC heap before
{Heap before GC invocations=39 (full 0):
 garbage-first heap   total 271360K, used 226525K [0x0000000080000000, 0x0000000100000000)
  region size 1024K, 42 young (43008K), 5 survivors (5120K)
 Metaspace       used 103175K, committed 104448K, reserved 557056K
  class space    used 14223K, committed 14848K, reserved 425984K
}
Event: 22.459 GC heap after
{Heap after GC invocations=40 (full 0):
 garbage-first heap   total 271360K, used 193502K [0x0000000080000000, 0x0000000100000000)
  region size 1024K, 4 young (4096K), 4 survivors (4096K)
 Metaspace       used 103175K, committed 104448K, reserved 557056K
  class space    used 14223K, committed 14848K, reserved 425984K
}
Event: 22.835 GC heap before
{Heap before GC invocations=40 (full 0):
 garbage-first heap   total 271360K, used 228318K [0x0000000080000000, 0x0000000100000000)
  region size 1024K, 39 young (39936K), 4 survivors (4096K)
 Metaspace       used 103723K, committed 104960K, reserved 557056K
  class space    used 14302K, committed 14912K, reserved 425984K
}
Event: 22.839 GC heap after
{Heap after GC invocations=41 (full 0):
 garbage-first heap   total 271360K, used 197222K [0x0000000080000000, 0x0000000100000000)
  region size 1024K, 4 young (4096K), 4 survivors (4096K)
 Metaspace       used 103723K, committed 104960K, reserved 557056K
  class space    used 14302K, committed 14912K, reserved 425984K
}
Event: 23.442 GC heap before
{Heap before GC invocations=41 (full 0):
 garbage-first heap   total 271360K, used 231014K [0x0000000080000000, 0x0000000100000000)
  region size 1024K, 37 young (37888K), 4 survivors (4096K)
 Metaspace       used 103725K, committed 104960K, reserved 557056K
  class space    used 14302K, committed 14912K, reserved 425984K
}
Event: 23.445 GC heap after
{Heap after GC invocations=42 (full 0):
 garbage-first heap   total 271360K, used 202247K [0x0000000080000000, 0x0000000100000000)
  region size 1024K, 5 young (5120K), 5 survivors (5120K)
 Metaspace       used 103725K, committed 104960K, reserved 557056K
  class space    used 14302K, committed 14912K, reserved 425984K
}
Event: 24.187 GC heap before
{Heap before GC invocations=42 (full 0):
 garbage-first heap   total 271360K, used 231943K [0x0000000080000000, 0x0000000100000000)
  region size 1024K, 34 young (34816K), 5 survivors (5120K)
 Metaspace       used 103725K, committed 104960K, reserved 557056K
  class space    used 14302K, committed 14912K, reserved 425984K
}
Event: 24.190 GC heap after
{Heap after GC invocations=43 (full 0):
 garbage-first heap   total 271360K, used 206334K [0x0000000080000000, 0x0000000100000000)
  region size 1024K, 4 young (4096K), 4 survivors (4096K)
 Metaspace       used 103725K, committed 104960K, reserved 557056K
  class space    used 14302K, committed 14912K, reserved 425984K
}
Event: 24.538 GC heap before
{Heap before GC invocations=43 (full 0):
 garbage-first heap   total 271360K, used 231934K [0x0000000080000000, 0x0000000100000000)
  region size 1024K, 30 young (30720K), 4 survivors (4096K)
 Metaspace       used 104194K, committed 105408K, reserved 557056K
  class space    used 14345K, committed 14912K, reserved 425984K
}
Event: 24.542 GC heap after
{Heap after GC invocations=44 (full 0):
 garbage-first heap   total 271360K, used 211142K [0x0000000080000000, 0x0000000100000000)
  region size 1024K, 4 young (4096K), 4 survivors (4096K)
 Metaspace       used 104194K, committed 105408K, reserved 557056K
  class space    used 14345K, committed 14912K, reserved 425984K
}
Event: 24.588 GC heap before
{Heap before GC invocations=44 (full 0):
 garbage-first heap   total 271360K, used 231622K [0x0000000080000000, 0x0000000100000000)
  region size 1024K, 25 young (25600K), 4 survivors (4096K)
 Metaspace       used 104258K, committed 105472K, reserved 557056K
  class space    used 14345K, committed 14912K, reserved 425984K
}
Event: 24.591 GC heap after
{Heap after GC invocations=45 (full 0):
 garbage-first heap   total 271360K, used 214662K [0x0000000080000000, 0x0000000100000000)
  region size 1024K, 4 young (4096K), 4 survivors (4096K)
 Metaspace       used 104258K, committed 105472K, reserved 557056K
  class space    used 14345K, committed 14912K, reserved 425984K
}
Event: 24.643 GC heap before
{Heap before GC invocations=45 (full 0):
 garbage-first heap   total 271360K, used 233094K [0x0000000080000000, 0x0000000100000000)
  region size 1024K, 23 young (23552K), 4 survivors (4096K)
 Metaspace       used 104282K, committed 105472K, reserved 557056K
  class space    used 14345K, committed 14912K, reserved 425984K
}
Event: 24.645 GC heap after
{Heap after GC invocations=46 (full 0):
 garbage-first heap   total 271360K, used 215902K [0x0000000080000000, 0x0000000100000000)
  region size 1024K, 3 young (3072K), 3 survivors (3072K)
 Metaspace       used 104282K, committed 105472K, reserved 557056K
  class space    used 14345K, committed 14912K, reserved 425984K
}

