# JRE version: OpenJDK Runtime Environment Microsoft-8035246 (17.0.8+7) (build 17.0.8+7-LTS)
# Java VM: OpenJDK 64-Bit Server VM Microsoft-8035246 (17.0.8+7-LTS, mixed mode, sharing, tiered, compressed oops, compressed class ptrs, g1 gc, windows-amd64)
GC Precious Log:
 CPUs: 16 total, 16 available
 Memory: 23967M
 Large Page Support: Disabled
 NUMA Support: Disabled
 Compressed Oops: Enabled (32-bit)
 Heap Region Size: 1M
 Heap Min Capacity: 8M
 Heap Initial Capacity: 376M
 Heap Max Capacity: 2G
 Pre-touch: Disabled
 Parallel Workers: 13
 Concurrent Workers: 3
 Concurrent Refinement Workers: 13
 Periodic GC: Disabled
Heap:
 garbage-first heap   total 291840K, used 246319K [0x0000000080000000, 0x0000000100000000)
  region size 1024K, 24 young (24576K), 4 survivors (4096K)
 Metaspace       used 104516K, committed 105920K, reserved 557056K
  class space    used 14370K, committed 15040K, reserved 425984K
GC Heap History (20 events):
Event: 32.123 GC heap before
{Heap before GC invocations=49 (full 0):
 garbage-first heap   total 242688K, used 202567K [0x0000000080000000, 0x0000000100000000)
  region size 1024K, 30 young (30720K), 5 survivors (5120K)
 Metaspace       used 100340K, committed 101632K, reserved 557056K
  class space    used 13809K, committed 14400K, reserved 425984K
}
Event: 32.126 GC heap after
{Heap after GC invocations=50 (full 0):
 garbage-first heap   total 242688K, used 180745K [0x0000000080000000, 0x0000000100000000)
  region size 1024K, 4 young (4096K), 4 survivors (4096K)
 Metaspace       used 100340K, committed 101632K, reserved 557056K
  class space    used 13809K, committed 14400K, reserved 425984K
}
Event: 32.235 GC heap before
{Heap before GC invocations=50 (full 0):
 garbage-first heap   total 242688K, used 203273K [0x0000000080000000, 0x0000000100000000)
  region size 1024K, 27 young (27648K), 4 survivors (4096K)
 Metaspace       used 100406K, committed 101696K, reserved 557056K
  class space    used 13810K, committed 14400K, reserved 425984K
}
Event: 32.237 GC heap after
{Heap after GC invocations=51 (full 0):
 garbage-first heap   total 242688K, used 183769K [0x0000000080000000, 0x0000000100000000)
  region size 1024K, 3 young (3072K), 3 survivors (3072K)
 Metaspace       used 100406K, committed 101696K, reserved 557056K
  class space    used 13810K, committed 14400K, reserved 425984K
}
Event: 32.354 GC heap before
{Heap before GC invocations=51 (full 0):
 garbage-first heap   total 242688K, used 206297K [0x0000000080000000, 0x0000000100000000)
  region size 1024K, 25 young (25600K), 3 survivors (3072K)
 Metaspace       used 100462K, committed 101760K, reserved 557056K
  class space    used 13812K, committed 14400K, reserved 425984K
}
Event: 32.357 GC heap after
{Heap after GC invocations=52 (full 0):
 garbage-first heap   total 291840K, used 186536K [0x0000000080000000, 0x0000000100000000)
  region size 1024K, 3 young (3072K), 3 survivors (3072K)
 Metaspace       used 100462K, committed 101760K, reserved 557056K
  class space    used 13812K, committed 14400K, reserved 425984K
}
Event: 32.749 GC heap before
{Heap before GC invocations=52 (full 0):
 garbage-first heap   total 291840K, used 238760K [0x0000000080000000, 0x0000000100000000)
  region size 1024K, 54 young (55296K), 3 survivors (3072K)
 Metaspace       used 102266K, committed 103552K, reserved 557056K
  class space    used 14009K, committed 14592K, reserved 425984K
}
Event: 32.755 GC heap after
{Heap after GC invocations=53 (full 0):
 garbage-first heap   total 291840K, used 192197K [0x0000000080000000, 0x0000000100000000)
  region size 1024K, 7 young (7168K), 7 survivors (7168K)
 Metaspace       used 102266K, committed 103552K, reserved 557056K
  class space    used 14009K, committed 14592K, reserved 425984K
}
Event: 33.024 GC heap before
{Heap before GC invocations=53 (full 0):
 garbage-first heap   total 291840K, used 241349K [0x0000000080000000, 0x0000000100000000)
  region size 1024K, 55 young (56320K), 7 survivors (7168K)
 Metaspace       used 103313K, committed 104640K, reserved 557056K
  class space    used 14234K, committed 14848K, reserved 425984K
}
Event: 33.030 GC heap after
{Heap after GC invocations=54 (full 0):
 garbage-first heap   total 291840K, used 198873K [0x0000000080000000, 0x0000000100000000)
  region size 1024K, 7 young (7168K), 7 survivors (7168K)
 Metaspace       used 103313K, committed 104640K, reserved 557056K
  class space    used 14234K, committed 14848K, reserved 425984K
}
Event: 33.342 GC heap before
{Heap before GC invocations=54 (full 0):
 garbage-first heap   total 291840K, used 242905K [0x0000000080000000, 0x0000000100000000)
  region size 1024K, 51 young (52224K), 7 survivors (7168K)
 Metaspace       used 103908K, committed 105216K, reserved 557056K
  class space    used 14315K, committed 14912K, reserved 425984K
}
Event: 33.346 GC heap after
{Heap after GC invocations=55 (full 0):
 garbage-first heap   total 291840K, used 203485K [0x0000000080000000, 0x0000000100000000)
  region size 1024K, 6 young (6144K), 6 survivors (6144K)
 Metaspace       used 103908K, committed 105216K, reserved 557056K
  class space    used 14315K, committed 14912K, reserved 425984K
}
Event: 34.100 GC heap before
{Heap before GC invocations=55 (full 0):
 garbage-first heap   total 291840K, used 244445K [0x0000000080000000, 0x0000000100000000)
  region size 1024K, 46 young (47104K), 6 survivors (6144K)
 Metaspace       used 103916K, committed 105216K, reserved 557056K
  class space    used 14315K, committed 14912K, reserved 425984K
}
Event: 34.104 GC heap after
{Heap after GC invocations=56 (full 0):
 garbage-first heap   total 291840K, used 208521K [0x0000000080000000, 0x0000000100000000)
  region size 1024K, 5 young (5120K), 5 survivors (5120K)
 Metaspace       used 103916K, committed 105216K, reserved 557056K
  class space    used 14315K, committed 14912K, reserved 425984K
}
Event: 34.924 GC heap before
{Heap before GC invocations=56 (full 0):
 garbage-first heap   total 291840K, used 247433K [0x0000000080000000, 0x0000000100000000)
  region size 1024K, 43 young (44032K), 5 survivors (5120K)
 Metaspace       used 103917K, committed 105216K, reserved 557056K
  class space    used 14315K, committed 14912K, reserved 425984K
}
Event: 34.927 GC heap after
{Heap after GC invocations=57 (full 0):
 garbage-first heap   total 291840K, used 213810K [0x0000000080000000, 0x0000000100000000)
  region size 1024K, 6 young (6144K), 6 survivors (6144K)
 Metaspace       used 103917K, committed 105216K, reserved 557056K
  class space    used 14315K, committed 14912K, reserved 425984K
}
Event: 35.742 GC heap before
{Heap before GC invocations=57 (full 0):
 garbage-first heap   total 291840K, used 247602K [0x0000000080000000, 0x0000000100000000)
  region size 1024K, 39 young (39936K), 6 survivors (6144K)
 Metaspace       used 103917K, committed 105216K, reserved 557056K
  class space    used 14315K, committed 14912K, reserved 425984K
}
Event: 35.746 GC heap after
{Heap after GC invocations=58 (full 0):
 garbage-first heap   total 291840K, used 217979K [0x0000000080000000, 0x0000000100000000)
  region size 1024K, 5 young (5120K), 5 survivors (5120K)
 Metaspace       used 103917K, committed 105216K, reserved 557056K
  class space    used 14315K, committed 14912K, reserved 425984K
}
Event: 36.265 GC heap before
{Heap before GC invocations=58 (full 0):
 garbage-first heap   total 291840K, used 248699K [0x0000000080000000, 0x0000000100000000)
  region size 1024K, 35 young (35840K), 5 survivors (5120K)
 Metaspace       used 104373K, committed 105792K, reserved 557056K
  class space    used 14368K, committed 15040K, reserved 425984K
}
Event: 36.270 GC heap after
{Heap after GC invocations=59 (full 0):
 garbage-first heap   total 291840K, used 222392K [0x0000000080000000, 0x0000000100000000)
  region size 1024K, 5 young (5120K), 5 survivors (5120K)
 Metaspace       used 104373K, committed 105792K, reserved 557056K
  class space    used 14368K, committed 15040K, reserved 425984K
}

