# JRE version: OpenJDK Runtime Environment Microsoft-8035246 (17.0.8+7) (build 17.0.8+7-LTS)
# Java VM: OpenJDK 64-Bit Server VM Microsoft-8035246 (17.0.8+7-LTS, mixed mode, sharing, tiered, compressed oops, compressed class ptrs, g1 gc, windows-amd64)
GC Precious Log:
 CPUs: 16 total, 16 available
 Memory: 23967M
 Large Page Support: Disabled
 NUMA Support: Disabled
 Compressed Oops: Enabled (32-bit)
 Heap Region Size: 1M
 Heap Min Capacity: 8M
 Heap Initial Capacity: 376M
 Heap Max Capacity: 2G
 Pre-touch: Disabled
 Parallel Workers: 13
 Concurrent Workers: 3
 Concurrent Refinement Workers: 13
 Periodic GC: Disabled
Heap:
 garbage-first heap   total 286720K, used 235940K [0x0000000080000000, 0x0000000100000000)
  region size 1024K, 10 young (10240K), 3 survivors (3072K)
 Metaspace       used 104323K, committed 105728K, reserved 557056K
  class space    used 14295K, committed 14976K, reserved 425984K
GC Heap History (20 events):
Event: 22.678 GC heap before
{Heap before GC invocations=31 (full 0):
 garbage-first heap   total 286720K, used 227668K [0x0000000080000000, 0x0000000100000000)
  region size 1024K, 71 young (72704K), 12 survivors (12288K)
 Metaspace       used 99872K, committed 101184K, reserved 557056K
  class space    used 13759K, committed 14336K, reserved 425984K
}
Event: 22.687 GC heap after
{Heap after GC invocations=32 (full 0):
 garbage-first heap   total 286720K, used 180954K [0x0000000080000000, 0x0000000100000000)
  region size 1024K, 9 young (9216K), 9 survivors (9216K)
 Metaspace       used 99872K, committed 101184K, reserved 557056K
  class space    used 13759K, committed 14336K, reserved 425984K
}
Event: 23.075 GC heap before
{Heap before GC invocations=32 (full 0):
 garbage-first heap   total 286720K, used 231130K [0x0000000080000000, 0x0000000100000000)
  region size 1024K, 58 young (59392K), 9 survivors (9216K)
 Metaspace       used 100377K, committed 101632K, reserved 557056K
  class space    used 13804K, committed 14336K, reserved 425984K
}
Event: 23.083 GC heap after
{Heap after GC invocations=33 (full 0):
 garbage-first heap   total 286720K, used 189425K [0x0000000080000000, 0x0000000100000000)
  region size 1024K, 7 young (7168K), 7 survivors (7168K)
 Metaspace       used 100377K, committed 101632K, reserved 557056K
  class space    used 13804K, committed 14336K, reserved 425984K
}
Event: 23.383 GC heap before
{Heap before GC invocations=33 (full 0):
 garbage-first heap   total 286720K, used 234481K [0x0000000080000000, 0x0000000100000000)
  region size 1024K, 51 young (52224K), 7 survivors (7168K)
 Metaspace       used 100699K, committed 101952K, reserved 557056K
  class space    used 13834K, committed 14400K, reserved 425984K
}
Event: 23.389 GC heap after
{Heap after GC invocations=34 (full 0):
 garbage-first heap   total 286720K, used 195256K [0x0000000080000000, 0x0000000100000000)
  region size 1024K, 6 young (6144K), 6 survivors (6144K)
 Metaspace       used 100699K, committed 101952K, reserved 557056K
  class space    used 13834K, committed 14400K, reserved 425984K
}
Event: 23.727 GC heap before
{Heap before GC invocations=34 (full 0):
 garbage-first heap   total 286720K, used 237240K [0x0000000080000000, 0x0000000100000000)
  region size 1024K, 47 young (48128K), 6 survivors (6144K)
 Metaspace       used 102292K, committed 103680K, reserved 557056K
  class space    used 14012K, committed 14656K, reserved 425984K
}
Event: 23.732 GC heap after
{Heap after GC invocations=35 (full 0):
 garbage-first heap   total 286720K, used 199828K [0x0000000080000000, 0x0000000100000000)
  region size 1024K, 5 young (5120K), 5 survivors (5120K)
 Metaspace       used 102292K, committed 103680K, reserved 557056K
  class space    used 14012K, committed 14656K, reserved 425984K
}
Event: 23.966 GC heap before
{Heap before GC invocations=35 (full 0):
 garbage-first heap   total 286720K, used 239764K [0x0000000080000000, 0x0000000100000000)
  region size 1024K, 44 young (45056K), 5 survivors (5120K)
 Metaspace       used 103073K, committed 104448K, reserved 557056K
  class space    used 14155K, committed 14784K, reserved 425984K
}
Event: 23.971 GC heap after
{Heap after GC invocations=36 (full 0):
 garbage-first heap   total 286720K, used 204920K [0x0000000080000000, 0x0000000100000000)
  region size 1024K, 5 young (5120K), 5 survivors (5120K)
 Metaspace       used 103073K, committed 104448K, reserved 557056K
  class space    used 14155K, committed 14784K, reserved 425984K
}
Event: 24.206 GC heap before
{Heap before GC invocations=36 (full 0):
 garbage-first heap   total 286720K, used 240760K [0x0000000080000000, 0x0000000100000000)
  region size 1024K, 41 young (41984K), 5 survivors (5120K)
 Metaspace       used 103502K, committed 104896K, reserved 557056K
  class space    used 14198K, committed 14848K, reserved 425984K
}
Event: 24.210 GC heap after
{Heap after GC invocations=37 (full 0):
 garbage-first heap   total 286720K, used 208354K [0x0000000080000000, 0x0000000100000000)
  region size 1024K, 4 young (4096K), 4 survivors (4096K)
 Metaspace       used 103502K, committed 104896K, reserved 557056K
  class space    used 14198K, committed 14848K, reserved 425984K
}
Event: 24.923 GC heap before
{Heap before GC invocations=37 (full 0):
 garbage-first heap   total 286720K, used 244194K [0x0000000080000000, 0x0000000100000000)
  region size 1024K, 39 young (39936K), 4 survivors (4096K)
 Metaspace       used 103713K, committed 105088K, reserved 557056K
  class space    used 14240K, committed 14912K, reserved 425984K
}
Event: 24.926 GC heap after
{Heap after GC invocations=38 (full 0):
 garbage-first heap   total 286720K, used 213739K [0x0000000080000000, 0x0000000100000000)
  region size 1024K, 5 young (5120K), 5 survivors (5120K)
 Metaspace       used 103713K, committed 105088K, reserved 557056K
  class space    used 14240K, committed 14912K, reserved 425984K
}
Event: 25.590 GC heap before
{Heap before GC invocations=38 (full 0):
 garbage-first heap   total 286720K, used 245483K [0x0000000080000000, 0x0000000100000000)
  region size 1024K, 36 young (36864K), 5 survivors (5120K)
 Metaspace       used 103715K, committed 105088K, reserved 557056K
  class space    used 14240K, committed 14912K, reserved 425984K
}
Event: 25.593 GC heap after
{Heap after GC invocations=39 (full 0):
 garbage-first heap   total 286720K, used 218781K [0x0000000080000000, 0x0000000100000000)
  region size 1024K, 5 young (5120K), 5 survivors (5120K)
 Metaspace       used 103715K, committed 105088K, reserved 557056K
  class space    used 14240K, committed 14912K, reserved 425984K
}
Event: 26.062 GC heap before
{Heap before GC invocations=39 (full 0):
 garbage-first heap   total 286720K, used 245405K [0x0000000080000000, 0x0000000100000000)
  region size 1024K, 32 young (32768K), 5 survivors (5120K)
 Metaspace       used 104201K, committed 105664K, reserved 557056K
  class space    used 14294K, committed 14976K, reserved 425984K
}
Event: 26.067 GC heap after
{Heap after GC invocations=40 (full 0):
 garbage-first heap   total 286720K, used 222964K [0x0000000080000000, 0x0000000100000000)
  region size 1024K, 4 young (4096K), 4 survivors (4096K)
 Metaspace       used 104201K, committed 105664K, reserved 557056K
  class space    used 14294K, committed 14976K, reserved 425984K
}
Event: 26.124 GC heap before
{Heap before GC invocations=40 (full 0):
 garbage-first heap   total 286720K, used 246516K [0x0000000080000000, 0x0000000100000000)
  region size 1024K, 28 young (28672K), 4 survivors (4096K)
 Metaspace       used 104301K, committed 105728K, reserved 557056K
  class space    used 14295K, committed 14976K, reserved 425984K
}
Event: 26.127 GC heap after
{Heap after GC invocations=41 (full 0):
 garbage-first heap   total 286720K, used 228081K [0x0000000080000000, 0x0000000100000000)
  region size 1024K, 4 young (4096K), 4 survivors (4096K)
 Metaspace       used 104301K, committed 105728K, reserved 557056K
  class space    used 14295K, committed 14976K, reserved 425984K
}

